# JRE version: OpenJDK Runtime Environment Temurin-21.0.10+7 (21.0.10+7) (build 21.0.10+7-LTS)
# Java VM: OpenJDK 64-Bit Server VM Temurin-21.0.10+7 (21.0.10+7-LTS, mixed mode, sharing, tiered, compressed oops, compressed class ptrs, parallel gc, windows-amd64)
GC Precious Log:
 CardTable entry size: 512
 CPUs: 8 total, 8 available
 Memory: 10116M
 Large Page Support: Disabled
 NUMA Support: Disabled
 Compressed Oops: Enabled (32-bit)
 Alignments: Space 512K, Generation 512K, Heap 2M
 Heap Min Capacity: 100M
 Heap Initial Capacity: 100M
 Heap Max Capacity: 2G
 Pre-touch: Disabled
 Parallel Workers: 8
Heap:
 PSYoungGen      total 2560K, used 1840K [0x00000000d5580000, 0x00000000d5b00000, 0x0000000100000000)
  eden space 1536K, 64% used [0x00000000d5580000,0x00000000d5676858,0x00000000d5700000)
  from space 1024K, 83% used [0x00000000d5700000,0x00000000d57d5908,0x00000000d5800000)
  to   space 2048K, 0% used [0x00000000d5900000,0x00000000d5900000,0x00000000d5b00000)
 ParOldGen       total 642048K, used 641600K [0x0000000080000000, 0x00000000a7300000, 0x00000000d5580000)
  object space 642048K, 99% used [0x0000000080000000,0x00000000a72901a0,0x00000000a7300000)
 Metaspace       used 82802K, committed 84544K, reserved 1179648K
  class space    used 8915K, committed 9600K, reserved 1048576K
GC Heap History (20 events):
Event: 861.911 GC heap before
{Heap before GC invocations=1125 (full 3):
 PSYoungGen      total 3584K, used 3013K [0x00000000d5580000, 0x00000000d5b00000, 0x0000000100000000)
  eden space 3072K, 93% used [0x00000000d5580000,0x00000000d58517a8,0x00000000d5880000)
  from space 512K, 25% used [0x00000000d5a00000,0x00000000d5a20000,0x00000000d5a80000)
  to   space 512K, 0% used [0x00000000d5a80000,0x00000000d5a80000,0x00000000d5b00000)
 ParOldGen       total 637440K, used 637279K [0x0000000080000000, 0x00000000a6e80000, 0x00000000d5580000)
  object space 637440K, 99% used [0x0000000080000000,0x00000000a6e57d48,0x00000000a6e80000)
 Metaspace       used 82738K, committed 84480K, reserved 1179648K
  class space    used 8905K, committed 9600K, reserved 1048576K
}
Event: 861.914 GC heap after
{Heap after GC invocations=1125 (full 3):
 PSYoungGen      total 3584K, used 480K [0x00000000d5580000, 0x00000000d5b00000, 0x0000000100000000)
  eden space 3072K, 0% used [0x00000000d5580000,0x00000000d5580000,0x00000000d5880000)
  from space 512K, 93% used [0x00000000d5a80000,0x00000000d5af8000,0x00000000d5b00000)
  to   space 1024K, 0% used [0x00000000d5900000,0x00000000d5900000,0x00000000d5a00000)
 ParOldGen       total 637440K, used 637303K [0x0000000080000000, 0x00000000a6e80000, 0x00000000d5580000)
  object space 637440K, 99% used [0x0000000080000000,0x00000000a6e5dd48,0x00000000a6e80000)
 Metaspace       used 82738K, committed 84480K, reserved 1179648K
  class space    used 8905K, committed 9600K, reserved 1048576K
}
Event: 861.921 GC heap before
{Heap before GC invocations=1126 (full 3):
 PSYoungGen      total 3584K, used 2285K [0x00000000d5580000, 0x00000000d5b00000, 0x0000000100000000)
  eden space 3072K, 58% used [0x00000000d5580000,0x00000000d5743400,0x00000000d5880000)
  from space 512K, 93% used [0x00000000d5a80000,0x00000000d5af8000,0x00000000d5b00000)
  to   space 1024K, 0% used [0x00000000d5900000,0x00000000d5900000,0x00000000d5a00000)
 ParOldGen       total 637440K, used 637303K [0x0000000080000000, 0x00000000a6e80000, 0x00000000d5580000)
  object space 637440K, 99% used [0x0000000080000000,0x00000000a6e5dd48,0x00000000a6e80000)
 Metaspace       used 82738K, committed 84480K, reserved 1179648K
  class space    used 8905K, committed 9600K, reserved 1048576K
}
Event: 861.925 GC heap after
{Heap after GC invocations=1126 (full 3):
 PSYoungGen      total 4096K, used 64K [0x00000000d5580000, 0x00000000d5b00000, 0x0000000100000000)
  eden space 3072K, 0% used [0x00000000d5580000,0x00000000d5580000,0x00000000d5880000)
  from space 1024K, 6% used [0x00000000d5900000,0x00000000d5910000,0x00000000d5a00000)
  to   space 512K, 0% used [0x00000000d5a80000,0x00000000d5a80000,0x00000000d5b00000)
 ParOldGen       total 637952K, used 637615K [0x0000000080000000, 0x00000000a6f00000, 0x00000000d5580000)
  object space 637952K, 99% used [0x0000000080000000,0x00000000a6eabd48,0x00000000a6f00000)
 Metaspace       used 82738K, committed 84480K, reserved 1179648K
  class space    used 8905K, committed 9600K, reserved 1048576K
}
Event: 861.932 GC heap before
{Heap before GC invocations=1127 (full 3):
 PSYoungGen      total 4096K, used 1868K [0x00000000d5580000, 0x00000000d5b00000, 0x0000000100000000)
  eden space 3072K, 58% used [0x00000000d5580000,0x00000000d5743270,0x00000000d5880000)
  from space 1024K, 6% used [0x00000000d5900000,0x00000000d5910000,0x00000000d5a00000)
  to   space 512K, 0% used [0x00000000d5a80000,0x00000000d5a80000,0x00000000d5b00000)
 ParOldGen       total 637952K, used 637615K [0x0000000080000000, 0x00000000a6f00000, 0x00000000d5580000)
  object space 637952K, 99% used [0x0000000080000000,0x00000000a6eabd48,0x00000000a6f00000)
 Metaspace       used 82738K, committed 84480K, reserved 1179648K
  class space    used 8905K, committed 9600K, reserved 1048576K
}
Event: 861.934 GC heap after
{Heap after GC invocations=1127 (full 3):
 PSYoungGen      total 3584K, used 128K [0x00000000d5580000, 0x00000000d5b00000, 0x0000000100000000)
  eden space 3072K, 0% used [0x00000000d5580000,0x00000000d5580000,0x00000000d5880000)
  from space 512K, 25% used [0x00000000d5a80000,0x00000000d5aa0000,0x00000000d5b00000)
  to   space 512K, 0% used [0x00000000d5a00000,0x00000000d5a00000,0x00000000d5a80000)
 ParOldGen       total 637952K, used 637631K [0x0000000080000000, 0x00000000a6f00000, 0x00000000d5580000)
  object space 637952K, 99% used [0x0000000080000000,0x00000000a6eafd48,0x00000000a6f00000)
 Metaspace       used 82738K, committed 84480K, reserved 1179648K
  class space    used 8905K, committed 9600K, reserved 1048576K
}
Event: 861.944 GC heap before
{Heap before GC invocations=1128 (full 3):
 PSYoungGen      total 3584K, used 1932K [0x00000000d5580000, 0x00000000d5b00000, 0x0000000100000000)
  eden space 3072K, 58% used [0x00000000d5580000,0x00000000d57431b8,0x00000000d5880000)
  from space 512K, 25% used [0x00000000d5a80000,0x00000000d5aa0000,0x00000000d5b00000)
  to   space 512K, 0% used [0x00000000d5a00000,0x00000000d5a00000,0x00000000d5a80000)
 ParOldGen       total 637952K, used 637631K [0x0000000080000000, 0x00000000a6f00000, 0x00000000d5580000)
  object space 637952K, 99% used [0x0000000080000000,0x00000000a6eafd48,0x00000000a6f00000)
 Metaspace       used 82738K, committed 84480K, reserved 1179648K
  class space    used 8905K, committed 9600K, reserved 1048576K
}
Event: 861.947 GC heap after
{Heap after GC invocations=1128 (full 3):
 PSYoungGen      total 3584K, used 160K [0x00000000d5580000, 0x00000000d5b00000, 0x0000000100000000)
  eden space 3072K, 0% used [0x00000000d5580000,0x00000000d5580000,0x00000000d5880000)
  from space 512K, 31% used [0x00000000d5a00000,0x00000000d5a28000,0x00000000d5a80000)
  to   space 512K, 0% used [0x00000000d5a80000,0x00000000d5a80000,0x00000000d5b00000)
 ParOldGen       total 637952K, used 637647K [0x0000000080000000, 0x00000000a6f00000, 0x00000000d5580000)
  object space 637952K, 99% used [0x0000000080000000,0x00000000a6eb3d48,0x00000000a6f00000)
 Metaspace       used 82738K, committed 84480K, reserved 1179648K
  class space    used 8905K, committed 9600K, reserved 1048576K
}
Event: 861.974 GC heap before
{Heap before GC invocations=1129 (full 3):
 PSYoungGen      total 3584K, used 2530K [0x00000000d5580000, 0x00000000d5b00000, 0x0000000100000000)
  eden space 3072K, 77% used [0x00000000d5580000,0x00000000d57d0a98,0x00000000d5880000)
  from space 512K, 31% used [0x00000000d5a00000,0x00000000d5a28000,0x00000000d5a80000)
  to   space 512K, 0% used [0x00000000d5a80000,0x00000000d5a80000,0x00000000d5b00000)
 ParOldGen       total 637952K, used 637647K [0x0000000080000000, 0x00000000a6f00000, 0x00000000d5580000)
  object space 637952K, 99% used [0x0000000080000000,0x00000000a6eb3d48,0x00000000a6f00000)
 Metaspace       used 82739K, committed 84480K, reserved 1179648K
  class space    used 8905K, committed 9600K, reserved 1048576K
}
Event: 861.977 GC heap after
{Heap after GC invocations=1129 (full 3):
 PSYoungGen      total 3584K, used 128K [0x00000000d5580000, 0x00000000d5b00000, 0x0000000100000000)
  eden space 3072K, 0% used [0x00000000d5580000,0x00000000d5580000,0x00000000d5880000)
  from space 512K, 25% used [0x00000000d5a80000,0x00000000d5aa0000,0x00000000d5b00000)
  to   space 512K, 0% used [0x00000000d5a00000,0x00000000d5a00000,0x00000000d5a80000)
 ParOldGen       total 637952K, used 637679K [0x0000000080000000, 0x00000000a6f00000, 0x00000000d5580000)
  object space 637952K, 99% used [0x0000000080000000,0x00000000a6ebbd48,0x00000000a6f00000)
 Metaspace       used 82739K, committed 84480K, reserved 1179648K
  class space    used 8905K, committed 9600K, reserved 1048576K
}
Event: 862.002 GC heap before
{Heap before GC invocations=1130 (full 3):
 PSYoungGen      total 3584K, used 3200K [0x00000000d5580000, 0x00000000d5b00000, 0x0000000100000000)
  eden space 3072K, 100% used [0x00000000d5580000,0x00000000d5880000,0x00000000d5880000)
  from space 512K, 25% used [0x00000000d5a80000,0x00000000d5aa0000,0x00000000d5b00000)
  to   space 512K, 0% used [0x00000000d5a00000,0x00000000d5a00000,0x00000000d5a80000)
 ParOldGen       total 637952K, used 637679K [0x0000000080000000, 0x00000000a6f00000, 0x00000000d5580000)
  object space 637952K, 99% used [0x0000000080000000,0x00000000a6ebbd48,0x00000000a6f00000)
 Metaspace       used 82741K, committed 84480K, reserved 1179648K
  class space    used 8906K, committed 9600K, reserved 1048576K
}
Event: 862.003 GC heap after
{Heap after GC invocations=1130 (full 3):
 PSYoungGen      total 3584K, used 192K [0x00000000d5580000, 0x00000000d5b00000, 0x0000000100000000)
  eden space 3072K, 0% used [0x00000000d5580000,0x00000000d5580000,0x00000000d5880000)
  from space 512K, 37% used [0x00000000d5a00000,0x00000000d5a30000,0x00000000d5a80000)
  to   space 512K, 0% used [0x00000000d5a80000,0x00000000d5a80000,0x00000000d5b00000)
 ParOldGen       total 637952K, used 637711K [0x0000000080000000, 0x00000000a6f00000, 0x00000000d5580000)
  object space 637952K, 99% used [0x0000000080000000,0x00000000a6ec3d48,0x00000000a6f00000)
 Metaspace       used 82741K, committed 84480K, reserved 1179648K
  class space    used 8906K, committed 9600K, reserved 1048576K
}
Event: 1056.387 GC heap before
{Heap before GC invocations=1131 (full 3):
 PSYoungGen      total 3584K, used 3263K [0x00000000d5580000, 0x00000000d5b00000, 0x0000000100000000)
  eden space 3072K, 99% used [0x00000000d5580000,0x00000000d587ffd8,0x00000000d5880000)
  from space 512K, 37% used [0x00000000d5a00000,0x00000000d5a30000,0x00000000d5a80000)
  to   space 512K, 0% used [0x00000000d5a80000,0x00000000d5a80000,0x00000000d5b00000)
 ParOldGen       total 637952K, used 637711K [0x0000000080000000, 0x00000000a6f00000, 0x00000000d5580000)
  object space 637952K, 99% used [0x0000000080000000,0x00000000a6ec3d48,0x00000000a6f00000)
 Metaspace       used 82776K, committed 84480K, reserved 1179648K
  class space    used 8913K, committed 9600K, reserved 1048576K
}
Event: 1056.389 GC heap after
{Heap after GC invocations=1131 (full 3):
 PSYoungGen      total 3584K, used 160K [0x00000000d5580000, 0x00000000d5b00000, 0x0000000100000000)
  eden space 3072K, 0% used [0x00000000d5580000,0x00000000d5580000,0x00000000d5880000)
  from space 512K, 31% used [0x00000000d5a80000,0x00000000d5aa8000,0x00000000d5b00000)
  to   space 512K, 0% used [0x00000000d5a00000,0x00000000d5a00000,0x00000000d5a80000)
 ParOldGen       total 637952K, used 637751K [0x0000000080000000, 0x00000000a6f00000, 0x00000000d5580000)
  object space 637952K, 99% used [0x0000000080000000,0x00000000a6ecdd48,0x00000000a6f00000)
 Metaspace       used 82776K, committed 84480K, reserved 1179648K
  class space    used 8913K, committed 9600K, reserved 1048576K
}
Event: 1111.369 GC heap before
{Heap before GC invocations=1132 (full 3):
 PSYoungGen      total 3584K, used 3182K [0x00000000d5580000, 0x00000000d5b00000, 0x0000000100000000)
  eden space 3072K, 98% used [0x00000000d5580000,0x00000000d5873a68,0x00000000d5880000)
  from space 512K, 31% used [0x00000000d5a80000,0x00000000d5aa8000,0x00000000d5b00000)
  to   space 512K, 0% used [0x00000000d5a00000,0x00000000d5a00000,0x00000000d5a80000)
 ParOldGen       total 637952K, used 637751K [0x0000000080000000, 0x00000000a6f00000, 0x00000000d5580000)
  object space 637952K, 99% used [0x0000000080000000,0x00000000a6ecdd48,0x00000000a6f00000)
 Metaspace       used 82791K, committed 84544K, reserved 1179648K
  class space    used 8914K, committed 9600K, reserved 1048576K
}
Event: 1111.372 GC heap after
{Heap after GC invocations=1132 (full 3):
 PSYoungGen      total 3584K, used 504K [0x00000000d5580000, 0x00000000d5b80000, 0x0000000100000000)
  eden space 3072K, 0% used [0x00000000d5580000,0x00000000d5580000,0x00000000d5880000)
  from space 512K, 98% used [0x00000000d5a00000,0x00000000d5a7e2f0,0x00000000d5a80000)
  to   space 1024K, 0% used [0x00000000d5a80000,0x00000000d5a80000,0x00000000d5b80000)
 ParOldGen       total 638976K, used 638578K [0x0000000080000000, 0x00000000a7000000, 0x00000000d5580000)
  object space 638976K, 99% used [0x0000000080000000,0x00000000a6f9c8e8,0x00000000a7000000)
 Metaspace       used 82791K, committed 84544K, reserved 1179648K
  class space    used 8914K, committed 9600K, reserved 1048576K
}
Event: 1111.425 GC heap before
{Heap before GC invocations=1133 (full 3):
 PSYoungGen      total 3584K, used 3576K [0x00000000d5580000, 0x00000000d5b80000, 0x0000000100000000)
  eden space 3072K, 100% used [0x00000000d5580000,0x00000000d5880000,0x00000000d5880000)
  from space 512K, 98% used [0x00000000d5a00000,0x00000000d5a7e2f0,0x00000000d5a80000)
  to   space 1024K, 0% used [0x00000000d5a80000,0x00000000d5a80000,0x00000000d5b80000)
 ParOldGen       total 638976K, used 638578K [0x0000000080000000, 0x00000000a7000000, 0x00000000d5580000)
  object space 638976K, 99% used [0x0000000080000000,0x00000000a6f9c8e8,0x00000000a7000000)
 Metaspace       used 82792K, committed 84544K, reserved 1179648K
  class space    used 8914K, committed 9600K, reserved 1048576K
}
Event: 1111.428 GC heap after
{Heap after GC invocations=1133 (full 3):
 PSYoungGen      total 2560K, used 1004K [0x00000000d5580000, 0x00000000d5f80000, 0x0000000100000000)
  eden space 1536K, 0% used [0x00000000d5580000,0x00000000d5580000,0x00000000d5700000)
  from space 1024K, 98% used [0x00000000d5a80000,0x00000000d5b7b288,0x00000000d5b80000)
  to   space 3584K, 0% used [0x00000000d5700000,0x00000000d5700000,0x00000000d5a80000)
 ParOldGen       total 641024K, used 640593K [0x0000000080000000, 0x00000000a7200000, 0x00000000d5580000)
  object space 641024K, 99% used [0x0000000080000000,0x00000000a71945b8,0x00000000a7200000)
 Metaspace       used 82792K, committed 84544K, reserved 1179648K
  class space    used 8914K, committed 9600K, reserved 1048576K
}
Event: 1111.440 GC heap before
{Heap before GC invocations=1134 (full 3):
 PSYoungGen      total 2560K, used 2540K [0x00000000d5580000, 0x00000000d5f80000, 0x0000000100000000)
  eden space 1536K, 100% used [0x00000000d5580000,0x00000000d5700000,0x00000000d5700000)
  from space 1024K, 98% used [0x00000000d5a80000,0x00000000d5b7b288,0x00000000d5b80000)
  to   space 3584K, 0% used [0x00000000d5700000,0x00000000d5700000,0x00000000d5a80000)
 ParOldGen       total 641024K, used 640593K [0x0000000080000000, 0x00000000a7200000, 0x00000000d5580000)
  object space 641024K, 99% used [0x0000000080000000,0x00000000a71945b8,0x00000000a7200000)
 Metaspace       used 82798K, committed 84544K, reserved 1179648K
  class space    used 8914K, committed 9600K, reserved 1048576K
}
Event: 1111.443 GC heap after
{Heap after GC invocations=1134 (full 3):
 PSYoungGen      total 2560K, used 854K [0x00000000d5580000, 0x00000000d5b00000, 0x0000000100000000)
  eden space 1536K, 0% used [0x00000000d5580000,0x00000000d5580000,0x00000000d5700000)
  from space 1024K, 83% used [0x00000000d5700000,0x00000000d57d5908,0x00000000d5800000)
  to   space 2048K, 0% used [0x00000000d5900000,0x00000000d5900000,0x00000000d5b00000)
 ParOldGen       total 642048K, used 641600K [0x0000000080000000, 0x00000000a7300000, 0x00000000d5580000)
  object space 642048K, 99% used [0x0000000080000000,0x00000000a72901a0,0x00000000a7300000)
 Metaspace       used 82798K, committed 84544K, reserved 1179648K
  class space    used 8914K, committed 9600K, reserved 1048576K
}

